<?xml version="1.0" encoding="UTF-8"?>
<!-- Generated by org.testng.reporters.JUnitReportReporter -->
<testsuite skipped="0" hostname="Tatianas-MacBook-Air.local" name="com.excel.pullData.UsingExele" tests="2" failures="0" timestamp="03 Aug 2017 20:02:32 GMT" time="12.764" errors="0">
  <testcase name="testUsingExcel" time="6.829" classname="com.excel.pullData.UsingExele"/>
  <testcase name="testUsingExcel" time="5.935" classname="com.excel.pullData.UsingExele"/>
</testsuite> <!-- com.excel.pullData.UsingExele -->
