<?xml version="1.0" encoding="UTF-8"?>
<!-- Generated by org.testng.reporters.JUnitReportReporter -->
<testsuite skipped="0" hostname="Tatianas-MacBook-Air.local" name="com.excel.pullData.UsingExele" tests="2" failures="0" timestamp="03 Aug 2017 17:17:02 GMT" time="14.085" errors="0">
  <testcase name="testUsingExcel" time="6.777" classname="com.excel.pullData.UsingExele"/>
  <testcase name="testUsingExcel" time="7.308" classname="com.excel.pullData.UsingExele"/>
</testsuite> <!-- com.excel.pullData.UsingExele -->
